%!Adobe-FontList 1.16
%Locale:0x404

%BeginFont
Handler:DirectoryHandler
FontType:TrueType
FontName:HelveticaNeueLT-Black
FamilyName:HelveticaNeue LT 95 Black
StyleName:Regular
FullName:Helvetica LT 95 Black
MenuName:HelveticaNeue LT 95 Black
StyleBits:0
WritingScript:Roman
OutlineFileName:C:\Users\威宇\Documents\NMlav_Mobiste_Demo\img\Font\Helvetica LT 95 Black.ttf
DataFormat:sfntData
FileLength:45832
FileModTime:1031221524
WeightClass:400
WidthClass:5
AngleClass:0
NameArray:0,Mac,4,Helvetica LT 95 Black
NameArray:0,Win,1,HelveticaNeue LT 95 Black
%EndFont

%BeginFont
Handler:DirectoryHandler
FontType:TrueType
FontName:Helvetica-Oblique
FamilyName:Helvetica
StyleName:Oblique
FullName:Helvetica Oblique
MenuName:Helvetica
StyleBits:1
WritingScript:Roman
OutlineFileName:C:\Users\威宇\Documents\NMlav_Mobiste_Demo\img\Font\Helvetica Oblique.ttf
DataFormat:sfntData
FileLength:78116
FileModTime:904655444
WeightClass:400
WidthClass:5
AngleClass:1
NameArray:0,Mac,4,Helvetica Oblique
NameArray:0,Win,1,Helvetica
%EndFont

%BeginFont
Handler:DirectoryHandler
FontType:TrueType
FontName:Helvetica-BoldOblique
FamilyName:Helvetica-BoldOblique
StyleName:Regular
FullName:Helvetica-BoldOblique
MenuName:Helvetica-BoldOblique
StyleBits:0
WritingScript:Roman
OutlineFileName:C:\Users\威宇\Documents\NMlav_Mobiste_Demo\img\Font\Helvetica-BoldOblique.ttf
DataFormat:sfntData
FileLength:55452
FileModTime:701609580
WeightClass:5
WidthClass:5
AngleClass:0
NameArray:0,Mac,4,Helvetica-BoldOblique
NameArray:0,Win,1,Helvetica-BoldOblique
%EndFont

%BeginFont
Handler:DirectoryHandler
FontType:TrueType
FontName:Helvetica-Condensed-Light-Li
FamilyName:Helvetica-Condensed-Light-Li
StyleName:Regular
FullName:Helvetica-Condensed-Light-Li
MenuName:Helvetica-Condensed-Light-Li
StyleBits:0
WritingScript:Roman
OutlineFileName:C:\Users\威宇\Documents\NMlav_Mobiste_Demo\img\Font\Helvetica-Condensed-Light-Li.ttf
DataFormat:sfntData
FileLength:30496
FileModTime:717216432
WeightClass:400
WidthClass:5
AngleClass:0
NameArray:0,Mac,4,Helvetica-Condensed-Light-Li
NameArray:0,Win,1,Helvetica-Condensed-Light-Li
%EndFont

%BeginFont
Handler:DirectoryHandler
FontType:TrueType
FontName:Helvetica
FamilyName:Helvetica
StyleName:Regular
FullName:Helvetica
MenuName:Helvetica
StyleBits:0
WritingScript:Roman
OutlineFileName:C:\Users\威宇\Documents\NMlav_Mobiste_Demo\img\Font\Helvetica.ttf
DataFormat:sfntData
FileLength:83644
FileModTime:904655444
WeightClass:400
WidthClass:5
AngleClass:0
NameArray:0,Mac,4,Helvetica
NameArray:0,Win,1,Helvetica
%EndFont

%BeginFont
Handler:DirectoryHandler
FontType:Type1
FontName:HelveticaNeueLTPro-Blk
FamilyName:Helvetica Neue LT Pro
StyleName:95 Black
FullName:Helvetica Neue LT Pro 95 Black
MenuName:HelveticaNeueLT Pro 95 Blk
StyleBits:0
WritingScript:Roman
OutlineFileName:C:\Users\威宇\Documents\NMlav_Mobiste_Demo\img\Font\HelveticaNeueLTPro-Blk.otf
DataFormat:sfntData
UsesStandardEncoding:yes
isCFF:yes
FileLength:47968
FileModTime:1165411474
WeightClass:900
WidthClass:5
AngleClass:0
NameArray:0,Mac,18,HelveticaNeueLT Pro 95 Blk
NameArray:0,Mac,4,Helvetica Neue LT Pro 95 Black
NameArray:0,Win,1,HelveticaNeueLT Pro 95 Blk
NameArray:0,Win,16,Helvetica Neue LT Pro
%EndFont

%BeginFont
Handler:DirectoryHandler
FontType:Type1
FontName:HelveticaNeueLTPro-Roman
FamilyName:Helvetica Neue LT Pro
StyleName:55 Roman
FullName:Helvetica Neue LT Pro 55 Roman
MenuName:HelveticaNeueLT Pro 55 Roman
StyleBits:0
WritingScript:Roman
OutlineFileName:C:\Users\威宇\Documents\NMlav_Mobiste_Demo\img\Font\HelveticaNeueLTPro-Roman.otf
DataFormat:sfntData
UsesStandardEncoding:yes
isCFF:yes
FileLength:48408
FileModTime:1165411516
WeightClass:400
WidthClass:5
AngleClass:0
NameArray:0,Mac,18,HelveticaNeueLT Pro 55 Roman
NameArray:0,Mac,4,Helvetica Neue LT Pro 55 Roman
NameArray:0,Win,1,HelveticaNeueLT Pro 55 Roman
NameArray:0,Win,16,Helvetica Neue LT Pro
%EndFont

